E:\HANHNV\LIBS\PJ\DETECTHUMAN\DETECTHUMAN\RELEASE\DETECTHUMAN.PCH
E:\HANHNV\LIBS\PJ\DETECTHUMAN\DETECTHUMAN\RELEASE\STDAFX.OBJ
E:\HANHNV\LIBS\PJ\DETECTHUMAN\DETECTHUMAN\RELEASE\VC110.PDB
E:\HANHNV\LIBS\PJ\DETECTHUMAN\DETECTHUMAN\RELEASE\SETTINGDIALOG.OBJ
E:\HANHNV\LIBS\PJ\DETECTHUMAN\DETECTHUMAN\RELEASE\MYVIDEO.OBJ
E:\HANHNV\LIBS\PJ\DETECTHUMAN\DETECTHUMAN\RELEASE\MTRACKING.OBJ
E:\HANHNV\LIBS\PJ\DETECTHUMAN\DETECTHUMAN\RELEASE\MPEOPLECOUNTING.OBJ
E:\HANHNV\LIBS\PJ\DETECTHUMAN\DETECTHUMAN\RELEASE\MINPUTFRAME.OBJ
E:\HANHNV\LIBS\PJ\DETECTHUMAN\DETECTHUMAN\RELEASE\DETECTHUMANDLG.OBJ
E:\HANHNV\LIBS\PJ\DETECTHUMAN\DETECTHUMAN\RELEASE\DETECTHUMAN.OBJ
E:\HANHNV\LIBS\PJ\DETECTHUMAN\RELEASE\DETECTHUMAN.EXE
E:\HANHNV\LIBS\PJ\DETECTHUMAN\RELEASE\DETECTHUMAN.PDB
E:\HANHNV\LIBS\PJ\DETECTHUMAN\DETECTHUMAN\RELEASE\DETECTHUMAN.RES
E:\HanhNV\Libs\PJ\DetectHuman\DetectHuman\Release\DetectHuman.obj
E:\HanhNV\Libs\PJ\DetectHuman\DetectHuman\Release\DetectHumanDlg.obj
E:\HanhNV\Libs\PJ\DetectHuman\DetectHuman\Release\MInputFrame.obj
E:\HanhNV\Libs\PJ\DetectHuman\DetectHuman\Release\MPeopleCounting.obj
E:\HanhNV\Libs\PJ\DetectHuman\DetectHuman\Release\MTracking.obj
E:\HanhNV\Libs\PJ\DetectHuman\DetectHuman\Release\MyVideo.obj
E:\HanhNV\Libs\PJ\DetectHuman\DetectHuman\Release\SettingDialog.obj
E:\HanhNV\Libs\PJ\DetectHuman\DetectHuman\Release\stdafx.obj
E:\HanhNV\Libs\PJ\DetectHuman\DetectHuman\Release\cl.command.1.tlog
E:\HanhNV\Libs\PJ\DetectHuman\DetectHuman\Release\CL.read.1.tlog
E:\HanhNV\Libs\PJ\DetectHuman\DetectHuman\Release\CL.write.1.tlog
E:\HanhNV\Libs\PJ\DetectHuman\DetectHuman\Release\link-cvtres.read.1.tlog
E:\HanhNV\Libs\PJ\DetectHuman\DetectHuman\Release\link-cvtres.write.1.tlog
E:\HanhNV\Libs\PJ\DetectHuman\DetectHuman\Release\link-mt.read.1.tlog
E:\HanhNV\Libs\PJ\DetectHuman\DetectHuman\Release\link-mt.write.1.tlog
E:\HanhNV\Libs\PJ\DetectHuman\DetectHuman\Release\link-rc.read.1.tlog
E:\HanhNV\Libs\PJ\DetectHuman\DetectHuman\Release\link-rc.write.1.tlog
E:\HanhNV\Libs\PJ\DetectHuman\DetectHuman\Release\link.command.1.tlog
E:\HanhNV\Libs\PJ\DetectHuman\DetectHuman\Release\link.read.1.tlog
E:\HanhNV\Libs\PJ\DetectHuman\DetectHuman\Release\link.write.1.tlog
E:\HanhNV\Libs\PJ\DetectHuman\DetectHuman\Release\rc.command.1.tlog
E:\HanhNV\Libs\PJ\DetectHuman\DetectHuman\Release\rc.read.1.tlog
E:\HanhNV\Libs\PJ\DetectHuman\DetectHuman\Release\rc.write.1.tlog
E:\HanhNV\Libs\PJ\DetectHuman\DetectHuman\Release\DetectHuman.res
E:\HanhNV\Libs\PJ\DetectHuman\DetectHuman\Release\DetectHuman.pch
E:\HanhNV\Libs\PJ\DetectHuman\DetectHuman\Release\vc110.pdb
E:\HanhNV\Libs\PJ\DetectHuman\Release\DetectHuman.pdb
E:\HanhNV\Libs\PJ\DetectHuman\Release\DetectHuman.exe
